TN:
SF:src\lib\scoring.js
FN:4,basePointsFromTemp
FN:13,windPenaltyPoints
FN:21,rainPenaltyPoints
FN:28,pointsToClass
FN:36,scoreDay
FN:51,convertTemp
FN:56,convertRain
FN:61,convertWind
FN:66,convertDistanceKm
FN:71,formatNumber
FNF:10
FNH:10
FNDA:12,basePointsFromTemp
FNDA:11,windPenaltyPoints
FNDA:10,rainPenaltyPoints
FNDA:10,pointsToClass
FNDA:3,scoreDay
FNDA:4,convertTemp
FNDA:2,convertRain
FNDA:2,convertWind
FNDA:2,convertDistanceKm
FNDA:4,formatNumber
DA:5,12
DA:6,12
DA:7,10
DA:8,7
DA:9,5
DA:10,3
DA:14,11
DA:15,11
DA:16,7
DA:17,5
DA:18,2
DA:22,10
DA:23,10
DA:24,6
DA:25,3
DA:29,10
DA:30,7
DA:31,5
DA:32,4
DA:33,2
DA:37,3
DA:38,3
DA:39,3
DA:40,3
DA:41,3
DA:42,3
DA:46,1
DA:47,1
DA:48,1
DA:49,1
DA:52,4
DA:53,3
DA:57,2
DA:58,2
DA:62,2
DA:63,2
DA:67,2
DA:68,2
DA:72,4
DA:73,2
LF:40
LH:40
BRDA:5,0,0,12
BRDA:5,0,1,1
BRDA:6,1,0,2
BRDA:6,1,1,10
BRDA:7,2,0,3
BRDA:7,2,1,7
BRDA:8,3,0,2
BRDA:8,3,1,5
BRDA:9,4,0,2
BRDA:9,4,1,3
BRDA:14,5,0,11
BRDA:14,5,1,1
BRDA:15,6,0,4
BRDA:15,6,1,7
BRDA:16,7,0,2
BRDA:16,7,1,5
BRDA:17,8,0,3
BRDA:17,8,1,2
BRDA:22,9,0,10
BRDA:22,9,1,1
BRDA:23,10,0,4
BRDA:23,10,1,6
BRDA:24,11,0,3
BRDA:24,11,1,3
BRDA:29,12,0,3
BRDA:29,12,1,7
BRDA:30,13,0,2
BRDA:30,13,1,5
BRDA:31,14,0,1
BRDA:31,14,1,4
BRDA:32,15,0,2
BRDA:32,15,1,2
BRDA:52,16,0,1
BRDA:52,16,1,3
BRDA:53,17,0,2
BRDA:53,17,1,1
BRDA:57,18,0,0
BRDA:57,18,1,2
BRDA:58,19,0,1
BRDA:58,19,1,1
BRDA:62,20,0,0
BRDA:62,20,1,2
BRDA:63,21,0,1
BRDA:63,21,1,1
BRDA:67,22,0,0
BRDA:67,22,1,2
BRDA:68,23,0,1
BRDA:68,23,1,1
BRDA:71,24,0,4
BRDA:72,25,0,2
BRDA:72,25,1,2
BRDA:72,26,0,4
BRDA:72,26,1,3
BRF:53
BRH:50
end_of_record
